[debug] [2025-10-24T00:48:10.282Z] ----------------------------------------------------------------------
[debug] [2025-10-24T00:48:10.284Z] Command:       /Users/fonsoo/.nvm/versions/node/v22.14.0/bin/node /Users/fonsoo/.nvm/versions/node/v22.14.0/bin/firebase init functions
[debug] [2025-10-24T00:48:10.285Z] CLI Version:   14.22.0
[debug] [2025-10-24T00:48:10.285Z] Platform:      darwin
[debug] [2025-10-24T00:48:10.285Z] Node Version:  v22.14.0
[debug] [2025-10-24T00:48:10.285Z] Time:          Thu Oct 23 2025 19:48:10 GMT-0500 (Colombia Standard Time)
[debug] [2025-10-24T00:48:10.285Z] ----------------------------------------------------------------------
[debug] 
[debug] [2025-10-24T00:48:10.286Z] >>> [apiv2][query] GET https://firebase-public.firebaseio.com/cli.json [none]
[info] 
     ######## #### ########  ######## ########     ###     ######  ########
     ##        ##  ##     ## ##       ##     ##  ##   ##  ##       ##
     ######    ##  ########  ######   ########  #########  ######  ######
     ##        ##  ##    ##  ##       ##     ## ##     ##       ## ##
     ##       #### ##     ## ######## ########  ##     ##  ######  ########

You're about to initialize a Firebase project in this directory:

  /Users/fonsoo/AndroidStudioProjects/mascotasApp

[info] 
=== Project Setup
[info] 
[info] First, let's associate this project directory with a Firebase project.
[info] You can create multiple project aliases by running firebase use --add, 
[info] 
[debug] [2025-10-24T00:48:10.538Z] <<< [apiv2][status] GET https://firebase-public.firebaseio.com/cli.json 200
[debug] [2025-10-24T00:48:10.539Z] <<< [apiv2][body] GET https://firebase-public.firebaseio.com/cli.json {"cloudBuildErrorAfter":1594252800000,"cloudBuildWarnAfter":1590019200000,"defaultNode10After":1594252800000,"minVersion":"3.0.5","node8DeploysDisabledAfter":1613390400000,"node8RuntimeDisabledAfter":1615809600000,"node8WarnAfter":1600128000000}
[debug] [2025-10-24T00:48:38.813Z] ExitPromptError: User force closed the prompt with SIGINT
    at Interface.sigint (/Users/fonsoo/.nvm/versions/node/v22.14.0/lib/node_modules/firebase-tools/node_modules/@inquirer/core/dist/commonjs/lib/create-prompt.js:101:37)
    at Interface.emit (node:events:518:28)
    at Interface.emit (node:domain:489:12)
    at [_ttyWrite] [as _ttyWrite] (node:internal/readline/interface:1124:18)
    at ReadStream.onkeypress (node:internal/readline/interface:263:20)
    at ReadStream.emit (node:events:530:35)
    at ReadStream.emit (node:domain:489:12)
    at emitKeys (node:internal/readline/utils:370:14)
    at emitKeys.next (<anonymous>)
    at ReadStream.onData (node:internal/readline/emitKeypressEvents:64:36)
[error] 
[error] Error: An unexpected error has occurred.
